<?xml version="1.0" encoding="UTF-8"?>
<!-- Generated by org.testng.reporters.JUnitReportReporter -->
<testsuite hostname="LTIN508196" failures="0" tests="1" name="testCases.TC_04_TestingHomeInsurance" time="7.099" errors="0" timestamp="2024-10-28T09:37:06 IST" skipped="0">
  <testcase classname="testCases.TC_04_TestingHomeInsurance" name="retrunHomeInsurancePolicy" time="7.099"/>
  <system-out/>
</testsuite> <!-- testCases.TC_04_TestingHomeInsurance -->
