<?xml version="1.0" encoding="UTF-8"?>
<!-- Generated by org.testng.reporters.JUnitReportReporter -->
<testsuite hostname="LTIN476671" failures="0" tests="5" name="testCases.TC_003_LoginDDT" time="22.299" errors="0" timestamp="2024-09-24T23:45:17 IST" skipped="0">
  <testcase classname="testCases.TC_003_LoginDDT" name="verify_loginDDT" time="2.794"/>
  <testcase classname="testCases.TC_003_LoginDDT" name="verify_loginDDT" time="2.545"/>
  <testcase classname="testCases.TC_003_LoginDDT" name="verify_loginDDT" time="2.683"/>
  <testcase classname="testCases.TC_003_LoginDDT" name="verify_loginDDT" time="2.631"/>
  <testcase classname="testCases.TC_003_LoginDDT" name="verify_loginDDT" time="11.646"/>
</testsuite> <!-- testCases.TC_003_LoginDDT -->
