<?xml version="1.0" encoding="UTF-8"?>
<!-- Generated by org.testng.reporters.JUnitReportReporter -->
<testsuite hostname="LTIN476671" failures="0" tests="2" name="testCases.TC001_AccountRegistrationTest" time="9.301" errors="0" timestamp="2024-09-25T11:42:57 IST" skipped="0">
  <testcase classname="testCases.TC001_AccountRegistrationTest" name="verify_account_registration" time="4.508"/>
  <testcase classname="testCases.TC001_AccountRegistrationTest" name="verify_account_registration" time="4.793"/>
</testsuite> <!-- testCases.TC001_AccountRegistrationTest -->
