<?xml version="1.0" encoding="UTF-8"?>
<!-- Generated by org.testng.reporters.JUnitReportReporter -->
<testsuite hostname="LTIN476671" failures="0" tests="1" name="testCases.TC001_AccountRegistrationTest" time="2.268" errors="0" timestamp="2024-09-26T23:25:42 IST" skipped="0">
  <testcase classname="testCases.TC001_AccountRegistrationTest" name="verify_account_registration" time="2.268"/>
</testsuite> <!-- testCases.TC001_AccountRegistrationTest -->
