<?xml version="1.0" encoding="UTF-8"?>
<!-- Generated by org.testng.reporters.JUnitReportReporter -->
<testsuite hostname="LTIN508196" failures="0" tests="1" name="testCases.TC_01_ListOfHealthInsurances" time="0.699" errors="0" timestamp="2024-10-24T13:13:59 IST" skipped="0">
  <testcase classname="testCases.TC_01_ListOfHealthInsurances" name="HealthInsListPrint" time="0.699"/>
</testsuite> <!-- testCases.TC_01_ListOfHealthInsurances -->
